This is pdfTeXk, Version 3.141592-1.40.3 (Web2C 7.5.6) (format=pdfetex 2011.3.26)  1 JUL 2011 21:16
entering extended mode
 file:line:error style messages enabled.
 %&-line parsing enabled.
**./clx.texinfo
(./clx.texinfo (/usr/share/texmf/tex/texinfo/texinfo.tex
Loading texinfo [version 2008-04-18.10]:
\bindingoffset=\dimen16
\normaloffset=\dimen17
\pagewidth=\dimen18
\pageheight=\dimen19
\outerhsize=\dimen20
\outervsize=\dimen21
\cornerlong=\dimen22
\cornerthick=\dimen23
\topandbottommargin=\dimen24
\headlinebox=\box16
\footlinebox=\box17
\margin=\insert252
\EMsimple=\toks13
\groupbox=\box18
\groupinvalidhelp=\toks14
\mil=\dimen25
\exdentamount=\skip18
\inmarginspacing=\skip19
 pdf,
\tempnum=\count27
\lnkcount=\count28
\filename=\toks15
\filenamelength=\count29
\pgn=\count30
\toksA=\toks16
\toksB=\toks17
\toksC=\toks18
\toksD=\toks19
\boxA=\box19
\countA=\count31
\nopdfimagehelp=\toks20
 fonts,
\sffam=\fam8
\textleading=\dimen26
\fontdepth=\count32
 page headings,
\titlepagetopglue=\skip20
\titlepagebottomglue=\skip21
\evenheadline=\toks21
\oddheadline=\toks22
\evenfootline=\toks23
\oddfootline=\toks24
 tables,
\tableindent=\dimen27
\itemindent=\dimen28
\itemmargin=\dimen29
\itemmax=\dimen30
\itemno=\count33
\multitableparskip=\skip22
\multitableparindent=\skip23
\multitablecolspace=\dimen31
\multitablelinespace=\skip24
\colcount=\count34
\everytab=\toks25

conditionals,
\doignorecount=\count35
 indexing,
\whatsitskip=\skip25
\whatsitpenalty=\count36
\secondaryindent=\skip26
\partialpage=\box20
\doublecolumnhsize=\dimen32
 sectioning,
\unnumberedno=\count37
\chapno=\count38
\secno=\count39
\subsecno=\count40
\subsubsecno=\count41
\appendixno=\count42
\absseclevel=\count43
\secbase=\count44
\chapheadingskip=\skip27
\secheadingskip=\skip28
\subsecheadingskip=\skip29
 toc,
\tocfile=\write0
\contentsrightmargin=\skip30
\savepageno=\count45
\lastnegativepageno=\count46
\tocindent=\dimen33
 environments,
\errorbox=\box21
\lispnarrowing=\skip31
\envskipamount=\skip32
\circthick=\dimen34
\cartouter=\dimen35
\cartinner=\dimen36
\normbskip=\skip33
\normpskip=\skip34
\normlskip=\skip35
\lskip=\skip36
\rskip=\skip37
\tabw=\dimen37
 defuns,
\defbodyindent=\skip38
\defargsindent=\skip39
\deflastargmargin=\skip40
\defunpenalty=\count47
\parencount=\count48
\brackcount=\count49
 macros,
\paramno=\count50
\macname=\toks26

cross references,
\auxfile=\write1
\savesfregister=\count51
 insertions,
\footnoteno=\count52
\SAVEfootins=\box22
\SAVEmargin=\box23
 (/usr/share/texmf/tex/generic/epsf/epsf.tex
This is `epsf.tex' v2.7.3 <23 July 2005>
\epsffilein=\read1
\epsfframemargin=\dimen38
\epsfframethickness=\dimen39
\epsfrsize=\dimen40
\epsftmp=\dimen41
\epsftsize=\dimen42
\epsfxsize=\dimen43
\epsfysize=\dimen44
\pspoints=\dimen45
)
\noepsfhelp=\toks27
 localization,
\nolanghelp=\toks28
\countUTFx=\count53
\countUTFy=\count54
\countUTFz=\count55
 formatting,
\defaultparindent=\dimen46
 and turning on texinfo input format.) (./clx.aux)
\openout1 = `clx.aux'.

@cpindfile=@write2
@fnindfile=@write3
@vrindfile=@write4
@tpindfile=@write5
@kyindfile=@write6
@pgindfile=@write7

[1
\openout2 = `clx.cp'.

\openout3 = `clx.fn'.

\openout4 = `clx.vr'.

\openout5 = `clx.tp'.

\openout6 = `clx.ky'.

\openout7 = `clx.pg'.

{/usr/share/texmf/fonts/map/pdftex/updmap/pdftex.map}] [2] (./clx.toc
[-1] [-2] [-3]) [-4] (./clx.toc) (./clx.toc) Chapter 1
\openout0 = `clx.toc'.

 Chapter 2 [1] [2]
[3] [4] [5] [6] [7] [8]
Overfull \hbox (26.43913pt too wide) in paragraph at lines 735--735
 []      @texttt (setf menu-width (max title-width (+ item-width *menu-item-mar
gin*)))[] |

@hbox(7.60416+2.43333)x433.62
.@glue(@leftskip) 28.90755
.@hbox(0.0+0.0)x0.0
.@penalty 10000
.@glue 5.74869
.@penalty 10000
.etc.

[9] [10] [11] [12] [13] [14] [15] [16] [17] [18] [19] [20] [21] [22] [23]
[24] [25] Chapter 3 [26] [27] [28] [29] [30] [31] [32] [33] Chapter 4 [34]
Overfull \hbox (24.48544pt too wide) in paragraph at lines 2928--2928
@textrm Read-

@hbox(7.60416+0.0)x3.65
.@textrm R
.@textrm e
.@textrm a
.@textrm d
.@textrm -
.etc.


Overfull \hbox (16.72922pt too wide) in paragraph at lines 2928--2928
@textrm only| 

@hbox(9.34993+3.85005)x3.65
.@textrm o
.@textrm n
.@textrm l
.@textrm y
.@rule(9.34993+3.85005)x0.0
.etc.


Overfull \hbox (3.0721pt too wide) in paragraph at lines 2928--2928
 @textsl :static-

@hbox(7.31305+0.0)x41.83878
.@glue(@leftskip) 12.0
.@textsl :
.@textsl s
.@textsl t
.@textsl a
.etc.


Overfull \hbox (37.74713pt too wide) in paragraph at lines 2929--2929
@textrm Writable| 

@hbox(9.34993+3.85005)x3.65
.@textrm W
.@kern-0.91252
.@textrm r
.@textrm i
.@textrm t
.etc.


Overfull \hbox (9.76376pt too wide) in paragraph at lines 2929--2929
 @textsl :pseudo-

@hbox(7.60416+2.12917)x41.83878
.@glue(@leftskip) 12.0
.@textsl :
.@textsl p
.@textsl s
.@textsl e
.etc.

[35] [36] [37] Chapter 5 [38] [39] [40] [41] [42] [43] [44] [45]
Underfull \hbox (badness 10000) in paragraph at lines 4012--4012
 @textsl :north-

@hbox(7.60416+0.0)x69.16406
.@glue(@leftskip) 28.90755
.@textsl :
.@textsl n
.@textsl o
.@textsl r
.etc.


Underfull \hbox (badness 10000) in paragraph at lines 4013--4013
 @textsl :north-

@hbox(7.60416+0.0)x69.16406
.@glue(@leftskip) 28.90755
.@textsl :
.@textsl n
.@textsl o
.@textsl r
.etc.


Underfull \hbox (badness 10000) in paragraph at lines 4015--4015
 @textsl :south-

@hbox(7.60416+0.0)x69.16406
.@glue(@leftskip) 28.90755
.@textsl :
.@textsl s
.@textsl o
.@textsl u
.etc.


Underfull \hbox (badness 10000) in paragraph at lines 4016--4016
 @textsl :south-

@hbox(7.60416+0.0)x69.16406
.@glue(@leftskip) 28.90755
.@textsl :
.@textsl s
.@textsl o
.@textsl u
.etc.

[46] [47]
Overfull \hbox (5.36853pt too wide) in paragraph at lines 4213--4213
 @textrm Window

@hbox(7.60416+0.0)x63.08072
.@glue(@leftskip) 28.90755
.@textrm W
.@textrm i
.@textrm n
.@textrm d
.etc.


Overfull \hbox (15.19315pt too wide) in paragraph at lines 4213--4213
 @textrm Attributes| 

@hbox(9.34993+3.85005)x63.08072
.@glue(@leftskip) 28.90755
.@textrm A
.@kern-0.30418
.@textrm t
.@textrm t
.etc.


Underfull \hbox (badness 10000) in paragraph at lines 4213--4213
 @textsl window-all-event-

@hbox(7.60416+0.0)x99.38716
.@glue(@leftskip) 12.0
.@textsl w
.@textsl i
.@textsl n
.@textsl d
.etc.


Underfull \hbox (badness 10000) in paragraph at lines 4213--4214
 @textsl window-

@hbox(7.60416+0.0)x84.30049
.@glue(@leftskip) 12.0
.@textsl w
.@textsl i
.@textsl n
.@textsl d
.etc.


Underfull \hbox (badness 10000) in paragraph at lines 4215--4215
 @textsl window-backing-

@hbox(7.60416+2.12917)x99.38716
.@glue(@leftskip) 12.0
.@textsl w
.@textsl i
.@textsl n
.@textsl d
.etc.


Underfull \hbox (badness 10000) in paragraph at lines 4215--4216
 @textsl window-

@hbox(7.60416+0.0)x84.30049
.@glue(@leftskip) 12.0
.@textsl w
.@textsl i
.@textsl n
.@textsl d
.etc.


Underfull \hbox (badness 10000) in paragraph at lines 4216--4216
 @textsl window-backing-

@hbox(7.60416+2.12917)x99.38716
.@glue(@leftskip) 12.0
.@textsl w
.@textsl i
.@textsl n
.@textsl d
.etc.


Underfull \hbox (badness 10000) in paragraph at lines 4216--4217
 @textsl window-

@hbox(7.60416+0.0)x84.30049
.@glue(@leftskip) 12.0
.@textsl w
.@textsl i
.@textsl n
.@textsl d
.etc.


Underfull \hbox (badness 10000) in paragraph at lines 4217--4217
 @textsl window-backing-

@hbox(7.60416+2.12917)x99.38716
.@glue(@leftskip) 12.0
.@textsl w
.@textsl i
.@textsl n
.@textsl d
.etc.


Underfull \hbox (badness 10000) in paragraph at lines 4217--4218
 @textsl window-

@hbox(7.60416+0.0)x84.30049
.@glue(@leftskip) 12.0
.@textsl w
.@textsl i
.@textsl n
.@textsl d
.etc.


Underfull \hbox (badness 10000) in paragraph at lines 4218--4218
 @textsl window-bit-

@hbox(7.60416+0.0)x99.38716
.@glue(@leftskip) 12.0
.@textsl w
.@textsl i
.@textsl n
.@textsl d
.etc.


Underfull \hbox (badness 10000) in paragraph at lines 4218--4219
 @textsl window-bit-

@hbox(7.60416+0.0)x84.30049
.@glue(@leftskip) 12.0
.@textsl w
.@textsl i
.@textsl n
.@textsl d
.etc.


Underfull \hbox (badness 10000) in paragraph at lines 4220--4221
 @textsl window-

@hbox(7.60416+0.0)x84.30049
.@glue(@leftskip) 12.0
.@textsl w
.@textsl i
.@textsl n
.@textsl d
.etc.


Underfull \hbox (badness 10000) in paragraph at lines 4221--4221
 @textsl window-colormap-

@hbox(7.60416+2.12917)x99.38716
.@glue(@leftskip) 12.0
.@textsl w
.@textsl i
.@textsl n
.@textsl d
.etc.


Underfull \hbox (badness 10000) in paragraph at lines 4222--4222
 @textsl window-do-not-

@hbox(7.60416+0.0)x99.38716
.@glue(@leftskip) 12.0
.@textsl w
.@textsl i
.@textsl n
.@textsl d
.etc.


Underfull \hbox (badness 10000) in paragraph at lines 4222--4223
 @textsl window-do-

@hbox(7.60416+0.0)x84.30049
.@glue(@leftskip) 12.0
.@textsl w
.@textsl i
.@textsl n
.@textsl d
.etc.


Underfull \hbox (badness 10000) in paragraph at lines 4222--4223
 @textsl not-propagate-

@hbox(6.73512+2.12917)x84.30049
.@glue(@leftskip) 12.0
.@textsl n
.@textsl o
.@textsl t
.@textsl -
.etc.


Underfull \hbox (badness 10000) in paragraph at lines 4223--4223
 @textsl window-event-

@hbox(7.60416+0.0)x99.38716
.@glue(@leftskip) 12.0
.@textsl w
.@textsl i
.@textsl n
.@textsl d
.etc.


Underfull \hbox (badness 10000) in paragraph at lines 4223--4224
 @textsl window-event-

@hbox(7.60416+0.0)x84.30049
.@glue(@leftskip) 12.0
.@textsl w
.@textsl i
.@textsl n
.@textsl d
.etc.


Underfull \hbox (badness 10000) in paragraph at lines 4224--4225
 @textsl window-

@hbox(7.60416+0.0)x84.30049
.@glue(@leftskip) 12.0
.@textsl w
.@textsl i
.@textsl n
.@textsl d
.etc.


Underfull \hbox (badness 10000) in paragraph at lines 4225--4225
 @textsl window-map-

@hbox(7.60416+2.12917)x99.38716
.@glue(@leftskip) 12.0
.@textsl w
.@textsl i
.@textsl n
.@textsl d
.etc.


Underfull \hbox (badness 10000) in paragraph at lines 4226--4226
 @textsl window-override-

@hbox(7.60416+0.0)x99.38716
.@glue(@leftskip) 12.0
.@textsl w
.@textsl i
.@textsl n
.@textsl d
.etc.


Underfull \hbox (badness 10000) in paragraph at lines 4226--4227
 @textsl window-

@hbox(7.60416+0.0)x84.30049
.@glue(@leftskip) 12.0
.@textsl w
.@textsl i
.@textsl n
.@textsl d
.etc.


Underfull \hbox (badness 10000) in paragraph at lines 4226--4227
 @textsl override-

@hbox(7.60416+0.0)x84.30049
.@glue(@leftskip) 12.0
.@textsl o
.@kern-0.30418
.@textsl v
.@kern-0.30418
.etc.


Underfull \hbox (badness 10000) in paragraph at lines 4227--4227
 @textsl window-save-

@hbox(7.60416+0.0)x99.38716
.@glue(@leftskip) 12.0
.@textsl w
.@textsl i
.@textsl n
.@textsl d
.etc.


Underfull \hbox (badness 10000) in paragraph at lines 4227--4228
 @textsl window-save-

@hbox(7.60416+0.0)x84.30049
.@glue(@leftskip) 12.0
.@textsl w
.@textsl i
.@textsl n
.@textsl d
.etc.


Overfull \hbox (10.72185pt too wide) in paragraph at lines 4230--4230
 @textrm Drawable

@hbox(7.60416+0.0)x63.08072
.@glue(@leftskip) 28.90755
.@textrm D
.@textrm r
.@textrm a
.@kern-0.30418
.etc.


Overfull \hbox (13.07921pt too wide) in paragraph at lines 4230--4230
 @textrm Geometry| 

@hbox(9.34993+3.85005)x63.08072
.@glue(@leftskip) 28.90755
.@textrm G
.@textrm e
.@textrm o
.@textrm m
.etc.


Underfull \hbox (badness 10000) in paragraph at lines 4230--4230
 @textsl drawable-border-

@hbox(7.60416+0.0)x99.38716
.@glue(@leftskip) 12.0
.@textsl d
.@textsl r
.@textsl a
.@kern-0.30418
.etc.


Underfull \hbox (badness 10000) in paragraph at lines 4230--4231
 @textsl drawable-

@hbox(7.60416+0.0)x84.30049
.@glue(@leftskip) 12.0
.@textsl d
.@textsl r
.@textsl a
.@kern-0.30418
.etc.


Underfull \hbox (badness 10000) in paragraph at lines 4232--4233
 @textsl drawable-

@hbox(7.60416+0.0)x84.30049
.@glue(@leftskip) 12.0
.@textsl d
.@textsl r
.@textsl a
.@kern-0.30418
.etc.


Underfull \hbox (badness 10000) in paragraph at lines 4233--4234
 @textsl drawable-

@hbox(7.60416+0.0)x84.30049
.@glue(@leftskip) 12.0
.@textsl d
.@textsl r
.@textsl a
.@kern-0.30418
.etc.


Underfull \hbox (badness 10000) in paragraph at lines 4236--4237
 @textsl window-

@hbox(7.60416+0.0)x84.30049
.@glue(@leftskip) 12.0
.@textsl w
.@textsl i
.@textsl n
.@textsl d
.etc.

[48] [49] [50] [51] [52] [53] [54] Chapter 6 [55] [56] [57]
Underfull \hbox (badness 10000) in paragraph at lines 4932--4932
 @textsl clip-

@hbox(7.60416+2.12917)x87.91594
.@glue(@leftskip) 28.90755
.@textsl c
.@textsl l
.@textsl i
.@textsl p
.etc.


Underfull \hbox (badness 10000) in paragraph at lines 4940--4941
 @textrm server

@hbox(4.71457+0.0)x81.50214
.@glue(@leftskip) 12.0
.@textrm s
.@textrm e
.@textrm r
.@textrm v
.etc.


Underfull \hbox (badness 10000) in paragraph at lines 4947--4948
 @textrm Pixmap of

@hbox(7.60416+2.12917)x81.50214, glue set 11.00002
.@glue(@leftskip) 12.0
.@textrm P
.@textrm i
.@textrm x
.@textrm m
.etc.


Underfull \hbox (badness 10000) in paragraph at lines 4947--4948
 @textrm un-spec-i-fied

@hbox(7.60416+2.12917)x81.50214
.@glue(@leftskip) 12.0
.@textrm u
.@textrm n
.@discretionary
..@textrm -
.@textrm s
.etc.


Underfull \hbox (badness 10000) in paragraph at lines 4948--4948
 @textsl subwindow-

@hbox(7.60416+0.0)x87.91594
.@glue(@leftskip) 28.90755
.@textsl s
.@textsl u
.@textsl b
.@kern-0.30418
.etc.


Underfull \hbox (badness 10000) in paragraph at lines 4948--4949
 @textsl :clip-by-

@hbox(7.60416+2.12917)x81.50214
.@glue(@leftskip) 12.0
.@textsl :
.@textsl c
.@textsl l
.@textsl i
.etc.


Underfull \hbox (badness 10000) in paragraph at lines 4949--4950
 @textrm un-spec-i-fied

@hbox(7.60416+2.12917)x81.50214
.@glue(@leftskip) 12.0
.@textrm u
.@textrm n
.@discretionary
..@textrm -
.@textrm s
.etc.


Underfull \hbox (badness 10000) in paragraph at lines 4949--4950
 @textrm size filled

@hbox(7.60416+0.0)x81.50214, glue set 14.05003
.@glue(@leftskip) 12.0
.@textrm s
.@textrm i
.@textrm z
.@textrm e
.etc.


Underfull \hbox (badness 10000) in paragraph at lines 4949--4950
 @textrm with the

@hbox(7.60416+0.0)x81.50214, glue set 16.08336
.@glue(@leftskip) 12.0
.@textrm w
.@textrm i
.@textrm t
.@textrm h
.etc.


Underfull \hbox (badness 10000) in paragraph at lines 4949--4950
 @textrm fore-ground

@hbox(7.60416+2.12917)x81.50214
.@glue(@leftskip) 12.0
.@textrm f
.@textrm o
.@textrm r
.@textrm e
.etc.


Underfull \hbox (badness 10000) in paragraph at lines 4949--4950
 @textrm pixel (that

@hbox(8.2125+2.73749)x81.50214, glue set 10.25
.@glue(@leftskip) 12.0
.@textrm p
.@textrm i
.@textrm x
.@textrm e
.etc.

[58] [59]
Underfull \hbox (badness 10000) in paragraph at lines 5058--5059
 @textrm end point

@hbox(7.60416+2.12917)x86.94675, glue set 16.06671
.@glue(@leftskip) 12.0
.@textrm e
.@textrm n
.@textrm d
.@glue 3.65 plus 1.825 minus 1.21666
.etc.


Underfull \hbox (badness 10000) in paragraph at lines 5058--5059
 @textrm (per-pen-dic-u-lar

@hbox(8.2125+2.73749)x86.94675
.@glue(@leftskip) 12.0
.@textrm (
.@textrm p
.@kern0.30417
.@textrm e
.etc.


Underfull \hbox (badness 10000) in paragraph at lines 5058--5059
 @textrm no pro-jec-tion

@hbox(7.31305+2.12917)x86.94675, glue set 6.21669
.@glue(@leftskip) 12.0
.@textrm n
.@textrm o
.@glue 3.65 plus 1.825 minus 1.21666
.@textrm p
.etc.


Underfull \hbox (badness 10000) in paragraph at lines 5062--5064
 @textrm Equivalent to

@hbox(7.60416+2.12917)x86.94675, glue set 5.81668
.@glue(@leftskip) 12.0
.@textrm E
.@textrm q
.@textrm u
.@textrm i
.etc.


Underfull \hbox (badness 10000) in paragraph at lines 5062--5064
 @textsl :butt@textrm , ex-cept

@hbox(7.60416+2.12917)x86.94675, glue set 6.05336
.@glue(@leftskip) 12.0
.@textsl :
.@textsl b
.@textsl u
.@textsl t
.etc.


Underfull \hbox (badness 10000) in paragraph at lines 5062--5064
 @textrm that for a

@hbox(7.60416+0.0)x86.94675, glue set 7.94168
.@glue(@leftskip) 12.0
.@textrm t
.@textrm h
.@textrm a
.@textrm t
.etc.


Underfull \hbox (badness 10000) in paragraph at lines 5062--5064
 @textrm line-width of

@hbox(7.60416+0.0)x86.94675, glue set 7.90002
.@glue(@leftskip) 12.0
.@textrm l
.@textrm i
.@textrm n
.@textrm e
.etc.


Overfull \hbox (1.8808pt too wide) in paragraph at lines 5065--5066
 @textsl :projecting| 

@hbox(9.34993+3.85005)x108.30681
.@glue(@leftskip) 57.8151
.@textsl :
.@textsl p
.@textsl r
.@textsl o
.etc.

[60]
Overfull \hbox (0.30418pt too wide) in paragraph at lines 5085--5087
 @textrm Device

@hbox(7.48248+0.0)x43.48128
.@glue(@leftskip) 12.0
.@textrm D
.@textrm e
.@textrm v
.@textrm i
.etc.


Underfull \hbox (badness 10000) in paragraph at lines 5085--5087
 @textrm de-

@hbox(7.60416+0.0)x43.48128
.@glue(@leftskip) 12.0
.@textrm d
.@textrm e
.@discretionary
.@textrm -
.etc.


Underfull \hbox (badness 10000) in paragraph at lines 5085--5087
 @textrm pen-

@hbox(4.71457+2.12917)x43.48128
.@glue(@leftskip) 12.0
.@textrm p
.@kern0.30417
.@textrm e
.@textrm n
.etc.


Underfull \hbox (badness 10000) in paragraph at lines 5085--5087
 @textrm dent,

@hbox(7.60416+2.12917)x43.48128
.@glue(@leftskip) 12.0
.@textrm d
.@textrm e
.@textrm n
.@kern-0.30418
.etc.


Underfull \hbox (badness 10000) in paragraph at lines 5085--5087
 @textrm but

@hbox(7.60416+0.0)x43.48128
.@glue(@leftskip) 12.0
.@textrm b
.@textrm u
.@textrm t
.@glue(@rightskip) 0.0


Underfull \hbox (badness 10000) in paragraph at lines 5085--5087
 @textrm the

@hbox(7.60416+0.0)x43.48128
.@glue(@leftskip) 12.0
.@textrm t
.@textrm h
.@textrm e
.@glue(@rightskip) 0.0


Underfull \hbox (badness 10000) in paragraph at lines 5085--5087
 @textrm de-

@hbox(7.60416+0.0)x43.48128
.@glue(@leftskip) 12.0
.@textrm d
.@textrm e
.@discretionary
.@textrm -
.etc.


Underfull \hbox (badness 10000) in paragraph at lines 5085--5087
 @textrm sired

@hbox(7.60416+0.0)x43.48128
.@glue(@leftskip) 12.0
.@textrm s
.@textrm i
.@textrm r
.@textrm e
.etc.


Underfull \hbox (badness 10000) in paragraph at lines 5085--5087
 @textrm ef-fect

@hbox(7.60416+0.0)x43.48128
.@glue(@leftskip) 12.0
.@textrm e
.@discretionary replacing 1
..@textrm f
..@textrm -
.|@textrm f
.@textrm  (ligature ff)
.@textrm e
.etc.


Underfull \hbox (badness 10000) in paragraph at lines 5085--5087
 @textrm is

@hbox(7.31305+0.0)x43.48128
.@glue(@leftskip) 12.0
.@textrm i
.@textrm s
.@glue(@rightskip) 0.0


Underfull \hbox (badness 10000) in paragraph at lines 5085--5087
 @textrm sin-gle

@hbox(7.60416+2.12917)x43.48128
.@glue(@leftskip) 12.0
.@textrm s
.@textrm i
.@textrm n
.@discretionary
..@textrm -
.etc.


Underfull \hbox (badness 10000) in paragraph at lines 5085--5087
 @textrm pixel

@hbox(7.60416+2.12917)x43.48128
.@glue(@leftskip) 12.0
.@textrm p
.@textrm i
.@textrm x
.@textrm e
.etc.


Underfull \hbox (badness 10000) in paragraph at lines 5085--5087
 @textrm is

@hbox(7.31305+0.0)x43.48128
.@glue(@leftskip) 12.0
.@textrm i
.@textrm s
.@glue(@rightskip) 0.0


Overfull \hbox (1.095pt too wide) in paragraph at lines 5085--5087
 @textrm drawn. 

@hbox(7.60416+0.0)x43.48128
.@glue(@leftskip) 12.0
.@textrm d
.@textrm r
.@textrm a
.@kern-0.30418
.etc.


Overfull \hbox (7.14795pt too wide) in paragraph at lines 5090--5091
 @textrm Nothing

@hbox(7.60416+2.12917)x43.48128
.@glue(@leftskip) 12.0
.@textrm N
.@textrm o
.@textrm t
.@textrm h
.etc.


Underfull \hbox (badness 10000) in paragraph at lines 5090--5091
 @textrm is

@hbox(7.31305+0.0)x43.48128
.@glue(@leftskip) 12.0
.@textrm i
.@textrm s
.@glue(@rightskip) 0.0


Overfull \hbox (1.095pt too wide) in paragraph at lines 5090--5091
 @textrm drawn. 

@hbox(7.60416+0.0)x43.48128
.@glue(@leftskip) 12.0
.@textrm d
.@textrm r
.@textrm a
.@kern-0.30418
.etc.


Overfull \hbox (0.30418pt too wide) in paragraph at lines 5094--5095
 @textrm Device

@hbox(7.48248+0.0)x43.48128
.@glue(@leftskip) 12.0
.@textrm D
.@textrm e
.@textrm v
.@textrm i
.etc.


Underfull \hbox (badness 10000) in paragraph at lines 5094--5095
 @textrm de-

@hbox(7.60416+0.0)x43.48128
.@glue(@leftskip) 12.0
.@textrm d
.@textrm e
.@discretionary
.@textrm -
.etc.


Underfull \hbox (badness 10000) in paragraph at lines 5094--5095
 @textrm pen-

@hbox(4.71457+2.12917)x43.48128
.@glue(@leftskip) 12.0
.@textrm p
.@kern0.30417
.@textrm e
.@textrm n
.etc.


Underfull \hbox (badness 10000) in paragraph at lines 5094--5095
 @textrm dent,

@hbox(7.60416+2.12917)x43.48128
.@glue(@leftskip) 12.0
.@textrm d
.@textrm e
.@textrm n
.@kern-0.30418
.etc.


Underfull \hbox (badness 10000) in paragraph at lines 5094--5095
 @textrm but

@hbox(7.60416+0.0)x43.48128
.@glue(@leftskip) 12.0
.@textrm b
.@textrm u
.@textrm t
.@glue(@rightskip) 0.0


Underfull \hbox (badness 10000) in paragraph at lines 5094--5095
 @textrm the

@hbox(7.60416+0.0)x43.48128
.@glue(@leftskip) 12.0
.@textrm t
.@textrm h
.@textrm e
.@glue(@rightskip) 0.0


Underfull \hbox (badness 10000) in paragraph at lines 5094--5095
 @textrm de-

@hbox(7.60416+0.0)x43.48128
.@glue(@leftskip) 12.0
.@textrm d
.@textrm e
.@discretionary
.@textrm -
.etc.


Underfull \hbox (badness 10000) in paragraph at lines 5094--5095
 @textrm sired

@hbox(7.60416+0.0)x43.48128
.@glue(@leftskip) 12.0
.@textrm s
.@textrm i
.@textrm r
.@textrm e
.etc.


Underfull \hbox (badness 10000) in paragraph at lines 5094--5095
 @textrm ef-fect

@hbox(7.60416+0.0)x43.48128
.@glue(@leftskip) 12.0
.@textrm e
.@discretionary replacing 1
..@textrm f
..@textrm -
.|@textrm f
.@textrm  (ligature ff)
.@textrm e
.etc.


Underfull \hbox (badness 10000) in paragraph at lines 5094--5095
 @textrm noth-

@hbox(7.60416+0.0)x43.48128
.@glue(@leftskip) 12.0
.@textrm n
.@textrm o
.@textrm t
.@textrm h
.etc.


Overfull \hbox (1.095pt too wide) in paragraph at lines 5094--5095
 @textrm drawn. 

@hbox(7.60416+0.0)x43.48128
.@glue(@leftskip) 12.0
.@textrm d
.@textrm r
.@textrm a
.@kern-0.30418
.etc.


Overfull \hbox (1.8808pt too wide) in paragraph at lines 5096--5096
 @textsl :projecting| 

@hbox(9.34993+3.85005)x108.30681
.@glue(@leftskip) 57.8151
.@textsl :
.@textsl p
.@textsl r
.@textsl o
.etc.


Underfull \hbox (badness 10000) in paragraph at lines 5098--5099
 @textrm Same

@hbox(7.48248+0.0)x43.48128
.@glue(@leftskip) 12.0
.@textrm S
.@textrm a
.@textrm m
.@textrm e
.etc.


Underfull \hbox (badness 10000) in paragraph at lines 5098--5099
 @textrm as

@hbox(4.71457+0.0)x43.48128
.@glue(@leftskip) 12.0
.@textrm a
.@textrm s
.@glue(@rightskip) 0.0


Underfull \hbox (badness 10000) in paragraph at lines 5098--5099
 @textsl :butt

@hbox(7.60416+0.0)x43.48128
.@glue(@leftskip) 12.0
.@textsl :
.@textsl b
.@textsl u
.@textsl t
.etc.


Underfull \hbox (badness 10000) in paragraph at lines 5098--5099
 @textrm with

@hbox(7.60416+0.0)x43.48128
.@glue(@leftskip) 12.0
.@textrm w
.@textrm i
.@textrm t
.@textrm h
.etc.


Underfull \hbox (badness 10000) in paragraph at lines 5098--5099
 @textrm thin

@hbox(7.60416+0.0)x43.48128
.@glue(@leftskip) 12.0
.@textrm t
.@textrm h
.@textrm i
.@textrm n
.etc.


Underfull \hbox (badness 10000) in paragraph at lines 5098--5099
 @textrm line-

@hbox(7.60416+0.0)x43.48128
.@glue(@leftskip) 12.0
.@textrm l
.@textrm i
.@textrm n
.@textrm e
.etc.


Overfull \hbox (1.8808pt too wide) in paragraph at lines 5100--5100
 @textsl :projecting| 

@hbox(9.34993+3.85005)x108.30681
.@glue(@leftskip) 57.8151
.@textsl :
.@textsl p
.@textsl r
.@textsl o
.etc.


Underfull \hbox (badness 10000) in paragraph at lines 5102--5104
 @textrm The

@hbox(7.60416+0.0)x43.48128
.@glue(@leftskip) 12.0
.@textrm T
.@textrm h
.@textrm e
.@glue(@rightskip) 0.0


Underfull \hbox (badness 10000) in paragraph at lines 5102--5104
 @textrm closed

@hbox(7.60416+0.0)x43.48128
.@glue(@leftskip) 12.0
.@textrm c
.@textrm l
.@textrm o
.@textrm s
.etc.


Underfull \hbox (badness 10000) in paragraph at lines 5102--5104
 @textrm path

@hbox(7.60416+2.12917)x43.48128
.@glue(@leftskip) 12.0
.@textrm p
.@textrm a
.@textrm t
.@textrm h
.etc.


Underfull \hbox (badness 10000) in paragraph at lines 5102--5104
 @textrm is a

@hbox(7.31305+0.0)x43.48128, glue set 8.21669
.@glue(@leftskip) 12.0
.@textrm i
.@textrm s
.@glue 3.65 plus 1.825 minus 1.21666
.@textrm a
.etc.


Overfull \hbox (2.3725pt too wide) in paragraph at lines 5102--5104
 @textrm square,

@hbox(4.71457+2.12917)x43.48128
.@glue(@leftskip) 12.0
.@textrm s
.@textrm q
.@textrm u
.@textrm a
.etc.


Overfull \hbox (2.58543pt too wide) in paragraph at lines 5102--5104
 @textrm aligned

@hbox(7.60416+2.12917)x43.48128
.@glue(@leftskip) 12.0
.@textrm a
.@textrm l
.@textrm i
.@textrm g
.etc.


Underfull \hbox (badness 10000) in paragraph at lines 5102--5104
 @textrm with

@hbox(7.60416+0.0)x43.48128
.@glue(@leftskip) 12.0
.@textrm w
.@textrm i
.@textrm t
.@textrm h
.etc.


Underfull \hbox (badness 10000) in paragraph at lines 5102--5104
 @textrm the

@hbox(7.60416+0.0)x43.48128
.@glue(@leftskip) 12.0
.@textrm t
.@textrm h
.@textrm e
.@glue(@rightskip) 0.0


Underfull \hbox (badness 10000) in paragraph at lines 5102--5104
 @textrm co-or-

@hbox(4.71457+0.0)x43.48128
.@glue(@leftskip) 12.0
.@textrm c
.@discretionary replacing 2
..@textrm o
..@textrm -
.@textrm o
.@kern0.30417
.etc.


Underfull \hbox (badness 10000) in paragraph at lines 5102--5104
 @textrm di-nate

@hbox(7.60416+0.0)x43.48128
.@glue(@leftskip) 12.0
.@textrm d
.@textrm i
.@discretionary
..@textrm -
.@textrm n
.etc.


Underfull \hbox (badness 10000) in paragraph at lines 5102--5104
 @textrm axes,

@hbox(4.71457+2.12917)x43.48128
.@glue(@leftskip) 12.0
.@textrm a
.@textrm x
.@textrm e
.@textrm s
.etc.


Underfull \hbox (badness 10000) in paragraph at lines 5102--5104
 @textrm cen-

@hbox(4.71457+0.0)x43.48128
.@glue(@leftskip) 12.0
.@textrm c
.@textrm e
.@discretionary
.@textrm n
.etc.


Underfull \hbox (badness 10000) in paragraph at lines 5102--5104
 @textrm tered

@hbox(7.60416+0.0)x43.48128
.@glue(@leftskip) 12.0
.@textrm t
.@textrm e
.@textrm r
.@textrm e
.etc.


Underfull \hbox (badness 10000) in paragraph at lines 5102--5104
 @textrm end

@hbox(7.60416+0.0)x43.48128
.@glue(@leftskip) 12.0
.@textrm e
.@textrm n
.@textrm d
.@glue(@rightskip) 0.0


Underfull \hbox (badness 10000) in paragraph at lines 5102--5104
 @textrm point,

@hbox(7.31305+2.12917)x43.48128
.@glue(@leftskip) 12.0
.@textrm p
.@kern0.30417
.@textrm o
.@textrm i
.etc.


Underfull \hbox (badness 10000) in paragraph at lines 5102--5104
 @textrm with

@hbox(7.60416+0.0)x43.48128
.@glue(@leftskip) 12.0
.@textrm w
.@textrm i
.@textrm t
.@textrm h
.etc.


Underfull \hbox (badness 10000) in paragraph at lines 5102--5104
 @textrm sides

@hbox(7.60416+0.0)x43.48128
.@glue(@leftskip) 12.0
.@textrm s
.@textrm i
.@textrm d
.@textrm e
.etc.


Underfull \hbox (badness 10000) in paragraph at lines 5102--5104
 @textrm equal

@hbox(7.60416+2.12917)x43.48128
.@glue(@leftskip) 12.0
.@textrm e
.@textrm q
.@textrm u
.@textrm a
.etc.


Underfull \hbox (badness 10000) in paragraph at lines 5102--5104
 @textrm line-

@hbox(7.60416+0.0)x43.48128
.@glue(@leftskip) 12.0
.@textrm l
.@textrm i
.@textrm n
.@textrm e
.etc.


Underfull \hbox (badness 10000) in paragraph at lines 5107--5108
 @textrm The

@hbox(7.60416+0.0)x43.48128
.@glue(@leftskip) 12.0
.@textrm T
.@textrm h
.@textrm e
.@glue(@rightskip) 0.0


Underfull \hbox (badness 10000) in paragraph at lines 5107--5108
 @textrm closed

@hbox(7.60416+0.0)x43.48128
.@glue(@leftskip) 12.0
.@textrm c
.@textrm l
.@textrm o
.@textrm s
.etc.


Underfull \hbox (badness 10000) in paragraph at lines 5107--5108
 @textrm path

@hbox(7.60416+2.12917)x43.48128
.@glue(@leftskip) 12.0
.@textrm p
.@textrm a
.@textrm t
.@textrm h
.etc.


Underfull \hbox (badness 10000) in paragraph at lines 5107--5108
 @textrm is a

@hbox(7.31305+0.0)x43.48128, glue set 8.21669
.@glue(@leftskip) 12.0
.@textrm i
.@textrm s
.@glue 3.65 plus 1.825 minus 1.21666
.@textrm a
.etc.


Underfull \hbox (badness 10000) in paragraph at lines 5107--5108
 @textrm cir-cle,

@hbox(7.60416+2.12917)x43.48128
.@glue(@leftskip) 12.0
.@textrm c
.@textrm i
.@textrm r
.@discretionary
..@textrm -
.etc.


Underfull \hbox (badness 10000) in paragraph at lines 5107--5108
 @textrm cen-

@hbox(4.71457+0.0)x43.48128
.@glue(@leftskip) 12.0
.@textrm c
.@textrm e
.@discretionary
.@textrm n
.etc.


Underfull \hbox (badness 10000) in paragraph at lines 5107--5108
 @textrm tered

@hbox(7.60416+0.0)x43.48128
.@glue(@leftskip) 12.0
.@textrm t
.@textrm e
.@textrm r
.@textrm e
.etc.


Underfull \hbox (badness 10000) in paragraph at lines 5107--5108
 @textrm end

@hbox(7.60416+0.0)x43.48128
.@glue(@leftskip) 12.0
.@textrm e
.@textrm n
.@textrm d
.@glue(@rightskip) 0.0


Underfull \hbox (badness 10000) in paragraph at lines 5107--5108
 @textrm point,

@hbox(7.31305+2.12917)x43.48128
.@glue(@leftskip) 12.0
.@textrm p
.@kern0.30417
.@textrm o
.@textrm i
.etc.


Underfull \hbox (badness 10000) in paragraph at lines 5107--5108
 @textrm with

@hbox(7.60416+0.0)x43.48128
.@glue(@leftskip) 12.0
.@textrm w
.@textrm i
.@textrm t
.@textrm h
.etc.


Underfull \hbox (badness 10000) in paragraph at lines 5107--5108
 @textrm di-am-

@hbox(7.60416+0.0)x43.48128
.@glue(@leftskip) 12.0
.@textrm d
.@textrm i
.@discretionary
..@textrm -
.@textrm a
.etc.


Underfull \hbox (badness 10000) in paragraph at lines 5107--5108
 @textrm e-ter

@hbox(6.73512+0.0)x43.48128
.@glue(@leftskip) 12.0
.@textrm e
.@discretionary
..@textrm -
.@textrm t
.@textrm e
.etc.


Underfull \hbox (badness 10000) in paragraph at lines 5107--5108
 @textrm equal

@hbox(7.60416+2.12917)x43.48128
.@glue(@leftskip) 12.0
.@textrm e
.@textrm q
.@textrm u
.@textrm a
.etc.


Underfull \hbox (badness 10000) in paragraph at lines 5107--5108
 @textrm line-

@hbox(7.60416+0.0)x43.48128
.@glue(@leftskip) 12.0
.@textrm l
.@textrm i
.@textrm n
.@textrm e
.etc.


Underfull \hbox (badness 10000) in paragraph at lines 5111--5112
 @textrm Same

@hbox(7.48248+0.0)x43.48128
.@glue(@leftskip) 12.0
.@textrm S
.@textrm a
.@textrm m
.@textrm e
.etc.


Underfull \hbox (badness 10000) in paragraph at lines 5111--5112
 @textrm as

@hbox(4.71457+0.0)x43.48128
.@glue(@leftskip) 12.0
.@textrm a
.@textrm s
.@glue(@rightskip) 0.0


Underfull \hbox (badness 10000) in paragraph at lines 5111--5112
 @textsl :butt

@hbox(7.60416+0.0)x43.48128
.@glue(@leftskip) 12.0
.@textsl :
.@textsl b
.@textsl u
.@textsl t
.etc.


Underfull \hbox (badness 10000) in paragraph at lines 5111--5112
 @textrm with

@hbox(7.60416+0.0)x43.48128
.@glue(@leftskip) 12.0
.@textrm w
.@textrm i
.@textrm t
.@textrm h
.etc.


Underfull \hbox (badness 10000) in paragraph at lines 5111--5112
 @textrm thin

@hbox(7.60416+0.0)x43.48128
.@glue(@leftskip) 12.0
.@textrm t
.@textrm h
.@textrm i
.@textrm n
.etc.


Underfull \hbox (badness 10000) in paragraph at lines 5111--5112
 @textrm line-

@hbox(7.60416+0.0)x43.48128
.@glue(@leftskip) 12.0
.@textrm l
.@textrm i
.@textrm n
.@textrm e
.etc.

[61] [62] [63] [64] [65] [66] [67]
Underfull \hbox (badness 10000) in paragraph at lines 5525--5526
 @textsl boole-

@hbox(7.60416+0.0)x68.1451
.@glue(@leftskip) 28.90755
.@textsl b
.@kern0.30417
.@textsl o
.@kern0.30417
.etc.


Overfull \hbox (11.95378pt too wide) in paragraph at lines 5526--5527
 @textrm (logandc1

@hbox(8.2125+2.73749)x46.27962
.@glue(@leftskip) 12.0
.@textrm (
.@textrm l
.@textrm o
.@textrm g
.etc.


Underfull \hbox (badness 10000) in paragraph at lines 5527--5528
 @textsl boole-

@hbox(7.60416+0.0)x68.1451
.@glue(@leftskip) 28.90755
.@textsl b
.@kern0.30417
.@textsl o
.@kern0.30417
.etc.


Overfull \hbox (11.95378pt too wide) in paragraph at lines 5528--5529
 @textrm (logandc2

@hbox(8.2125+2.73749)x46.27962
.@glue(@leftskip) 12.0
.@textrm (
.@textrm l
.@textrm o
.@textrm g
.etc.


Underfull \hbox (badness 10000) in paragraph at lines 5529--5530
 @textsl boole-

@hbox(7.60416+0.0)x68.1451
.@glue(@leftskip) 28.90755
.@textsl b
.@kern0.30417
.@textsl o
.@kern0.30417
.etc.


Overfull \hbox (1.6121pt too wide) in paragraph at lines 5530--5531
 @textrm (logand

@hbox(8.2125+2.73749)x46.27962
.@glue(@leftskip) 12.0
.@textrm (
.@textrm l
.@textrm o
.@textrm g
.etc.


Underfull \hbox (badness 10000) in paragraph at lines 5531--5532
 @textsl boole-

@hbox(7.60416+0.0)x68.1451
.@glue(@leftskip) 28.90755
.@textsl b
.@kern0.30417
.@textsl o
.@kern0.30417
.etc.


Underfull \hbox (badness 10000) in paragraph at lines 5532--5533
 @textrm (lognot

@hbox(8.2125+2.73749)x46.27962
.@glue(@leftskip) 12.0
.@textrm (
.@textrm l
.@textrm o
.@textrm g
.etc.


Underfull \hbox (badness 10000) in paragraph at lines 5533--5534
 @textsl boole-

@hbox(7.60416+0.0)x68.1451
.@glue(@leftskip) 28.90755
.@textsl b
.@kern0.30417
.@textsl o
.@kern0.30417
.etc.


Underfull \hbox (badness 10000) in paragraph at lines 5534--5535
 @textrm (lognot

@hbox(8.2125+2.73749)x46.27962
.@glue(@leftskip) 12.0
.@textrm (
.@textrm l
.@textrm o
.@textrm g
.etc.


Underfull \hbox (badness 10000) in paragraph at lines 5535--5536
 @textsl boole-

@hbox(7.60416+0.0)x68.1451
.@glue(@leftskip) 28.90755
.@textsl b
.@kern0.30417
.@textsl o
.@kern0.30417
.etc.


Underfull \hbox (badness 10000) in paragraph at lines 5537--5538
 @textsl boole-

@hbox(7.60416+0.0)x68.1451
.@glue(@leftskip) 28.90755
.@textsl b
.@kern0.30417
.@textsl o
.@kern0.30417
.etc.


Overfull \hbox (0.39543pt too wide) in paragraph at lines 5538--5539
 @textrm (logeqv

@hbox(8.2125+2.73749)x46.27962
.@glue(@leftskip) 12.0
.@textrm (
.@textrm l
.@textrm o
.@textrm g
.etc.


Underfull \hbox (badness 10000) in paragraph at lines 5539--5540
 @textsl boole-

@hbox(7.60416+0.0)x68.1451
.@glue(@leftskip) 28.90755
.@textsl b
.@kern0.30417
.@textsl o
.@kern0.30417
.etc.


Underfull \hbox (badness 10000) in paragraph at lines 5540--5541
 @textrm (logior

@hbox(8.2125+2.73749)x46.27962
.@glue(@leftskip) 12.0
.@textrm (
.@textrm l
.@textrm o
.@textrm g
.etc.


Underfull \hbox (badness 10000) in paragraph at lines 5541--5542
 @textsl boole-

@hbox(7.60416+0.0)x68.1451
.@glue(@leftskip) 28.90755
.@textsl b
.@kern0.30417
.@textsl o
.@kern0.30417
.etc.


Overfull \hbox (7.69545pt too wide) in paragraph at lines 5542--5543
 @textrm (lognand

@hbox(8.2125+2.73749)x46.27962
.@glue(@leftskip) 12.0
.@textrm (
.@textrm l
.@textrm o
.@textrm g
.etc.


Underfull \hbox (badness 10000) in paragraph at lines 5543--5544
 @textsl boole-

@hbox(7.60416+0.0)x68.1451
.@glue(@leftskip) 28.90755
.@textsl b
.@kern0.30417
.@textsl o
.@kern0.30417
.etc.


Underfull \hbox (badness 10000) in paragraph at lines 5544--5545
 @textrm (lognor

@hbox(8.2125+2.73749)x46.27962
.@glue(@leftskip) 12.0
.@textrm (
.@textrm l
.@textrm o
.@textrm g
.etc.


Underfull \hbox (badness 10000) in paragraph at lines 5545--5546
 @textsl boole-

@hbox(7.60416+0.0)x68.1451
.@glue(@leftskip) 28.90755
.@textsl b
.@kern0.30417
.@textsl o
.@kern0.30417
.etc.


Overfull \hbox (4.07585pt too wide) in paragraph at lines 5546--5547
 @textrm (logorc1

@hbox(8.2125+2.73749)x46.27962
.@glue(@leftskip) 12.0
.@textrm (
.@textrm l
.@textrm o
.@textrm g
.etc.


Underfull \hbox (badness 10000) in paragraph at lines 5547--5548
 @textsl boole-

@hbox(7.60416+0.0)x68.1451
.@glue(@leftskip) 28.90755
.@textsl b
.@kern0.30417
.@textsl o
.@kern0.30417
.etc.


Overfull \hbox (4.07585pt too wide) in paragraph at lines 5548--5549
 @textrm (logorc2

@hbox(8.2125+2.73749)x46.27962
.@glue(@leftskip) 12.0
.@textrm (
.@textrm l
.@textrm o
.@textrm g
.etc.


Underfull \hbox (badness 10000) in paragraph at lines 5549--5550
 @textsl boole-

@hbox(7.60416+0.0)x68.1451
.@glue(@leftskip) 28.90755
.@textsl b
.@kern0.30417
.@textsl o
.@kern0.30417
.etc.


Underfull \hbox (badness 10000) in paragraph at lines 5551--5552
 @textsl boole-

@hbox(7.60416+0.0)x68.1451
.@glue(@leftskip) 28.90755
.@textsl b
.@kern0.30417
.@textsl o
.@kern0.30417
.etc.


Underfull \hbox (badness 10000) in paragraph at lines 5552--5553
 @textrm (logxor

@hbox(8.2125+2.73749)x46.27962
.@glue(@leftskip) 12.0
.@textrm (
.@textrm l
.@textrm o
.@textrm g
.etc.

[68] [69] [70] [71] [72] [73] [74] [75] Chapter 7 [76] [77] [78] [79] [80]
[81] [82] [83] [84] [85] [86] [87] Chapter 8 [88] [89] [90] [91] [92] [93]
[94] [95] [96] Chapter 9 [97] [98] [99] [100] [101] [102] [103] [104] [105]
[106] [107] Chapter 10 [108] [109] [110] [111] [112] [113] [114] [115] [116]
Chapter 11 [117] [118] [119] [120] [121] Chapter 12 [122] [123] [124] [125]
[126] [127] [128] Chapter 13 [129] [130] [131]
Underfull \hbox (badness 10000) in paragraph at lines 10775--10776
 @textsl :circulate-notify :configure-notify

@hbox(7.60416+2.12917)x216.81, glue set 25.67734
.@glue(@leftskip) 12.0
.@textsl :
.@textsl c
.@textsl i
.@textsl r
.etc.

[132] [133] [134] [135] [136] [137] [138] [139] [140] [141] [142] [143]
Underfull \hbox (badness 3838) in paragraph at lines 11713--11714
 []@textrm Indicates whether the pointer is han-dled in a syn-chronous or

@hbox(7.60416+2.12917)x433.62, glue set 3.37556
.@glue(@leftskip) 86.72375
.@hbox(0.0+0.0)x0.0
.@textrm I
.@textrm n
.@textrm d
.etc.

[144]
Underfull \hbox (badness 6016) in paragraph at lines 11825--11834
 []@textrm If @textsl :sync-keyboard-p @textrm is @textsl nil@textrm , key-boar
d event pro-cess-ing con-tin-ues nor-mally

@hbox(7.60416+2.12917)x433.62, glue set 3.9206
.@glue(@leftskip) 28.90755
.@hbox(0.0+0.0)x0.0
.@textrm I
.@textrm f
.@glue 3.65 plus 1.825 minus 1.21666
.etc.

[145] [146] [147] [148] [149] [150] [151] [152] [153] [154] [155] [156]
[157] [158] [159] [160] [161] [162] [163] [164] [165] [166] [167] [168]
[169] [170] Chapter 14 [171] [172]
Underfull \hbox (badness 10000) in paragraph at lines 14088--14088
@texttt (mail screen-

@hbox(7.60416+0.91246)x77.8059
.@texttt (
.@texttt m
.@texttt a
.@texttt i
.@texttt l
.etc.


Underfull \hbox (badness 10000) in paragraph at lines 14088--14088
@texttt 1 reply

@hbox(6.69167+2.43333)x77.8059
.@texttt 1
.@glue(@spaceskip) 3.65
.@texttt r
.@texttt e
.@texttt p
.etc.


Underfull \hbox (badness 10000) in paragraph at lines 14089--14089
@texttt (mail *

@hbox(7.60416+0.91246)x77.8059
.@texttt (
.@texttt m
.@texttt a
.@texttt i
.@texttt l
.etc.


Underfull \hbox (badness 10000) in paragraph at lines 14090--14090
@texttt (* button

@hbox(7.60416+0.91246)x77.8059
.@texttt (
.@texttt *
.@glue(@spaceskip) 3.65
.@texttt b
.@texttt u
.etc.

[173] [174] [175]
Underfull \hbox (badness 10000) in paragraph at lines 14327--14327
@texttt (mail *

@hbox(7.60416+0.91246)x77.8059
.@texttt (
.@texttt m
.@texttt a
.@texttt i
.@texttt l
.etc.


Underfull \hbox (badness 10000) in paragraph at lines 14328--14328
@texttt (* reply

@hbox(7.60416+2.43333)x77.8059
.@texttt (
.@texttt *
.@glue(@spaceskip) 3.65
.@texttt r
.@texttt e
.etc.


Underfull \hbox (badness 10000) in paragraph at lines 14348--14348
@texttt (mail *

@hbox(7.60416+0.91246)x77.8059
.@texttt (
.@texttt m
.@texttt a
.@texttt i
.@texttt l
.etc.

[176]
Underfull \hbox (badness 10000) in paragraph at lines 14367--14367
@texttt (mail *

@hbox(7.60416+0.91246)x77.8059
.@texttt (
.@texttt m
.@texttt a
.@texttt i
.@texttt l
.etc.


Underfull \hbox (badness 10000) in paragraph at lines 14368--14368
@texttt (mail * button

@hbox(7.60416+0.91246)x77.8059
.@texttt (
.@texttt m
.@texttt a
.@texttt i
.@texttt l
.etc.

[177] [178] Chapter 15 [179] [180] [181] [182] [183] [184] [185] [186] [187]
[188] [189] [190] [191] [192] Chapter 16 [193] [194] [195] [196] [197] [198]
[199] [200]
Underfull \hbox (badness 5189) in paragraph at lines 16222--16223
 []@textrm (member :dpms-mode-on :dpms-mode-standby :dpms-mode-suspend

@hbox(8.2125+2.73749)x433.62, glue set 3.73221
.@glue(@leftskip) 86.72375
.@hbox(0.0+0.0)x0.0
.@textrm (
.@textrm m
.@textrm e
.etc.

Chapter 17 [201] [202] [203] [204] [205] [206] [207] Chapter 18 [208] [209]
Underfull \hbox (badness 3417) in paragraph at lines 17339--17346
 []@textrm Returns a re-source data-base con-tain-ing the con-tents of the root
 win-dow

@hbox(7.60416+2.12917)x433.62, glue set 3.24768
.@glue(@leftskip) 28.90755
.@hbox(0.0+0.0)x0.0
.@textrm R
.@textrm e
.@textrm t
.etc.

[210] Appendix A [211] [212] [213] [214] [215] [216] [217] [218] [219] [220]
[221] [222] [223] Appendix B [224] (./clx.fns [225] [226] [227] [228])
Appendix C [229] [230] (./clx.tps [231]) [232] ) 
Here is how much of TeX's memory you used:
 2699 strings out of 259301
 35433 string characters out of 1958500
 109465 words of memory out of 1500000
 3389 multiletter control sequences out of 10000+200000
 32127 words of font info for 112 fonts, out of 1200000 for 2000
 51 hyphenation exceptions out of 8191
 13i,6n,17p,541b,739s stack positions out of 5000i,500n,6000p,200000b,15000s
</usr/share/texmf/fonts/type1/b
luesky/cm/cmb10.pfb></usr/share/texmf/fonts/type1/bluesky/cm/cmbx12.pfb></usr/s
hare/texmf/fonts/type1/bluesky/cm/cmmi10.pfb></usr/share/texmf/fonts/type1/blue
sky/cm/cmmi12.pfb></usr/share/texmf/fonts/type1/bluesky/cm/cmmi9.pfb></usr/shar
e/texmf/fonts/type1/bluesky/cm/cmr10.pfb></usr/share/texmf/fonts/type1/bluesky/
cm/cmr9.pfb></usr/share/texmf/fonts/type1/bluesky/cm/cmsl10.pfb></usr/share/tex
mf/fonts/type1/bluesky/cm/cmsltt10.pfb></usr/share/texmf/fonts/type1/bluesky/cm
/cmss10.pfb></usr/share/texmf/fonts/type1/bluesky/cm/cmsy10.pfb></usr/share/tex
mf/fonts/type1/bluesky/cm/cmti10.pfb></usr/share/texmf/fonts/type1/bluesky/cm/c
mtt10.pfb></usr/share/texmf/fonts/type1/bluesky/cm/cmtt9.pfb>
Output written on clx.pdf (238 pages, 911892 bytes).
PDF statistics:
 2567 PDF objects out of 2984 (max. 8388607)
 398 named destinations out of 1000 (max. 131072)
 1069 words of extra memory for PDF output out of 10000 (max. 10000000)

